# JRE version: Java(TM) SE Runtime Environment (7.0_67-b01) (build 1.7.0_67-b01)
# Java VM: Java HotSpot(TM) 64-Bit Server VM (24.65-b04 mixed mode windows-amd64 compressed oops)
Heap
 PSYoungGen      total 141824K, used 6741K [0x00000007d6000000, 0x00000007df600000, 0x0000000800000000)
  eden space 131072K, 0% used [0x00000007d6000000,0x00000007d6000000,0x00000007de000000)
  from space 10752K, 62% used [0x00000007deb80000,0x00000007df2155c8,0x00000007df600000)
  to   space 11264K, 0% used [0x00000007de000000,0x00000007de000000,0x00000007deb00000)
 ParOldGen       total 86016K, used 12105K [0x0000000782000000, 0x0000000787400000, 0x00000007d6000000)
  object space 86016K, 14% used [0x0000000782000000,0x0000000782bd2440,0x0000000787400000)
 PSPermGen       total 21504K, used 19622K [0x000000077ce00000, 0x000000077e300000, 0x0000000782000000)
  object space 21504K, 91% used [0x000000077ce00000,0x000000077e129b28,0x000000077e300000)
GC Heap History (10 events):
Event: 1.117 GC heap after
Heap after GC invocations=2 (full 0):
 PSYoungGen      total 37888K, used 5117K [0x00000007d6000000, 0x00000007daa00000, 0x0000000800000000)
  eden space 32768K, 0% used [0x00000007d6000000,0x00000007d6000000,0x00000007d8000000)
  from space 5120K, 99% used [0x00000007d8500000,0x00000007d89ff688,0x00000007d8a00000)
  to   space 5120K, 0% used [0x00000007d8000000,0x00000007d8000000,0x00000007d8500000)
 ParOldGen       total 86016K, used 1694K [0x0000000782000000, 0x0000000787400000, 0x00000007d6000000)
  object space 86016K, 1% used [0x0000000782000000,0x00000007821a78e8,0x0000000787400000)
 PSPermGen       total 21504K, used 12257K [0x000000077ce00000, 0x000000077e300000, 0x0000000782000000)
  object space 21504K, 57% used [0x000000077ce00000,0x000000077d9f85e0,0x000000077e300000)
}
Event: 1.756 GC heap before
{Heap before GC invocations=3 (full 0):
 PSYoungGen      total 37888K, used 37885K [0x00000007d6000000, 0x00000007daa00000, 0x0000000800000000)
  eden space 32768K, 100% used [0x00000007d6000000,0x00000007d8000000,0x00000007d8000000)
  from space 5120K, 99% used [0x00000007d8500000,0x00000007d89ff688,0x00000007d8a00000)
  to   space 5120K, 0% used [0x00000007d8000000,0x00000007d8000000,0x00000007d8500000)
 ParOldGen       total 86016K, used 1694K [0x0000000782000000, 0x0000000787400000, 0x00000007d6000000)
  object space 86016K, 1% used [0x0000000782000000,0x00000007821a78e8,0x0000000787400000)
 PSPermGen       total 21504K, used 13828K [0x000000077ce00000, 0x000000077e300000, 0x0000000782000000)
  object space 21504K, 64% used [0x000000077ce00000,0x000000077db81250,0x000000077e300000)
Event: 1.768 GC heap after
Heap after GC invocations=3 (full 0):
 PSYoungGen      total 37888K, used 5104K [0x00000007d6000000, 0x00000007daa00000, 0x0000000800000000)
  eden space 32768K, 0% used [0x00000007d6000000,0x00000007d6000000,0x00000007d8000000)
  from space 5120K, 99% used [0x00000007d8000000,0x00000007d84fc010,0x00000007d8500000)
  to   space 5120K, 0% used [0x00000007da500000,0x00000007da500000,0x00000007daa00000)
 ParOldGen       total 86016K, used 3407K [0x0000000782000000, 0x0000000787400000, 0x00000007d6000000)
  object space 86016K, 3% used [0x0000000782000000,0x0000000782353e28,0x0000000787400000)
 PSPermGen       total 21504K, used 13828K [0x000000077ce00000, 0x000000077e300000, 0x0000000782000000)
  object space 21504K, 64% used [0x000000077ce00000,0x000000077db81250,0x000000077e300000)
}
Event: 2.427 GC heap before
{Heap before GC invocations=4 (full 0):
 PSYoungGen      total 37888K, used 37872K [0x00000007d6000000, 0x00000007daa00000, 0x0000000800000000)
  eden space 32768K, 100% used [0x00000007d6000000,0x00000007d8000000,0x00000007d8000000)
  from space 5120K, 99% used [0x00000007d8000000,0x00000007d84fc010,0x00000007d8500000)
  to   space 5120K, 0% used [0x00000007da500000,0x00000007da500000,0x00000007daa00000)
 ParOldGen       total 86016K, used 3407K [0x0000000782000000, 0x0000000787400000, 0x00000007d6000000)
  object space 86016K, 3% used [0x0000000782000000,0x0000000782353e28,0x0000000787400000)
 PSPermGen       total 21504K, used 14245K [0x000000077ce00000, 0x000000077e300000, 0x0000000782000000)
  object space 21504K, 66% used [0x000000077ce00000,0x000000077dbe9468,0x000000077e300000)
Event: 2.438 GC heap after
Heap after GC invocations=4 (full 0):
 PSYoungGen      total 70656K, used 5104K [0x00000007d6000000, 0x00000007daa00000, 0x0000000800000000)
  eden space 65536K, 0% used [0x00000007d6000000,0x00000007d6000000,0x00000007da000000)
  from space 5120K, 99% used [0x00000007da500000,0x00000007da9fc010,0x00000007daa00000)
  to   space 5120K, 0% used [0x00000007da000000,0x00000007da000000,0x00000007da500000)
 ParOldGen       total 86016K, used 5085K [0x0000000782000000, 0x0000000787400000, 0x00000007d6000000)
  object space 86016K, 5% used [0x0000000782000000,0x00000007824f7768,0x0000000787400000)
 PSPermGen       total 21504K, used 14245K [0x000000077ce00000, 0x000000077e300000, 0x0000000782000000)
  object space 21504K, 66% used [0x000000077ce00000,0x000000077dbe9468,0x000000077e300000)
}
Event: 3.699 GC heap before
{Heap before GC invocations=5 (full 0):
 PSYoungGen      total 70656K, used 70640K [0x00000007d6000000, 0x00000007daa00000, 0x0000000800000000)
  eden space 65536K, 100% used [0x00000007d6000000,0x00000007da000000,0x00000007da000000)
  from space 5120K, 99% used [0x00000007da500000,0x00000007da9fc010,0x00000007daa00000)
  to   space 5120K, 0% used [0x00000007da000000,0x00000007da000000,0x00000007da500000)
 ParOldGen       total 86016K, used 5085K [0x0000000782000000, 0x0000000787400000, 0x00000007d6000000)
  object space 86016K, 5% used [0x0000000782000000,0x00000007824f7768,0x0000000787400000)
 PSPermGen       total 21504K, used 18558K [0x000000077ce00000, 0x000000077e300000, 0x0000000782000000)
  object space 21504K, 86% used [0x000000077ce00000,0x000000077e01fa80,0x000000077e300000)
Event: 3.716 GC heap after
Heap after GC invocations=5 (full 0):
 PSYoungGen      total 70656K, used 5104K [0x00000007d6000000, 0x00000007df700000, 0x0000000800000000)
  eden space 65536K, 0% used [0x00000007d6000000,0x00000007d6000000,0x00000007da000000)
  from space 5120K, 99% used [0x00000007da000000,0x00000007da4fc010,0x00000007da500000)
  to   space 11776K, 0% used [0x00000007deb80000,0x00000007deb80000,0x00000007df700000)
 ParOldGen       total 86016K, used 12105K [0x0000000782000000, 0x0000000787400000, 0x00000007d6000000)
  object space 86016K, 14% used [0x0000000782000000,0x0000000782bd2440,0x0000000787400000)
 PSPermGen       total 21504K, used 18558K [0x000000077ce00000, 0x000000077e300000, 0x0000000782000000)
  object space 21504K, 86% used [0x000000077ce00000,0x000000077e01fa80,0x000000077e300000)
}
Event: 4.354 GC heap before
{Heap before GC invocations=6 (full 0):
 PSYoungGen      total 70656K, used 22002K [0x00000007d6000000, 0x00000007df700000, 0x0000000800000000)
  eden space 65536K, 25% used [0x00000007d6000000,0x00000007d7080a30,0x00000007da000000)
  from space 5120K, 99% used [0x00000007da000000,0x00000007da4fc010,0x00000007da500000)
  to   space 11776K, 0% used [0x00000007deb80000,0x00000007deb80000,0x00000007df700000)
 ParOldGen       total 86016K, used 12105K [0x0000000782000000, 0x0000000787400000, 0x00000007d6000000)
  object space 86016K, 14% used [0x0000000782000000,0x0000000782bd2440,0x0000000787400000)
 PSPermGen       total 21504K, used 19622K [0x000000077ce00000, 0x000000077e300000, 0x0000000782000000)
  object space 21504K, 91% used [0x000000077ce00000,0x000000077e129b28,0x000000077e300000)
Event: 4.364 GC heap after
Heap after GC invocations=6 (full 0):
 PSYoungGen      total 141824K, used 6741K [0x00000007d6000000, 0x00000007df600000, 0x0000000800000000)
  eden space 131072K, 0% used [0x00000007d6000000,0x00000007d6000000,0x00000007de000000)
  from space 10752K, 62% used [0x00000007deb80000,0x00000007df2155c8,0x00000007df600000)
  to   space 11264K, 0% used [0x00000007de000000,0x00000007de000000,0x00000007deb00000)
 ParOldGen       total 86016K, used 12105K [0x0000000782000000, 0x0000000787400000, 0x00000007d6000000)
  object space 86016K, 14% used [0x0000000782000000,0x0000000782bd2440,0x0000000787400000)
 PSPermGen       total 21504K, used 19622K [0x000000077ce00000, 0x000000077e300000, 0x0000000782000000)
  object space 21504K, 91% used [0x000000077ce00000,0x000000077e129b28,0x000000077e300000)
}
Event: 4.364 GC heap before
{Heap before GC invocations=7 (full 1):
 PSYoungGen      total 141824K, used 6741K [0x00000007d6000000, 0x00000007df600000, 0x0000000800000000)
  eden space 131072K, 0% used [0x00000007d6000000,0x00000007d6000000,0x00000007de000000)
  from space 10752K, 62% used [0x00000007deb80000,0x00000007df2155c8,0x00000007df600000)
  to   space 11264K, 0% used [0x00000007de000000,0x00000007de000000,0x00000007deb00000)
 ParOldGen       total 86016K, used 12105K [0x0000000782000000, 0x0000000787400000, 0x00000007d6000000)
  object space 86016K, 14% used [0x0000000782000000,0x0000000782bd2440,0x0000000787400000)
 PSPermGen       total 21504K, used 19622K [0x000000077ce00000, 0x000000077e300000, 0x0000000782000000)
  object space 21504K, 91% used [0x000000077ce00000,0x000000077e129b28,0x000000077e300000)

